<?xml version="1.0" encoding="UTF-8"?>
<!-- Generated by org.testng.reporters.JUnitReportReporter -->
<testsuite skipped="0" hostname="DESKTOP-044PKM4" name="com.dynamicJson.ParameterizationInAddBook" tests="3" failures="0" timestamp="10 Nov 2020 06:54:17 GMT" time="11.135" errors="0">
  <testcase name="addBook" time="0.260" classname="com.dynamicJson.ParameterizationInAddBook"/>
  <testcase name="addBook" time="10.586" classname="com.dynamicJson.ParameterizationInAddBook"/>
  <testcase name="addBook" time="0.289" classname="com.dynamicJson.ParameterizationInAddBook"/>
</testsuite> <!-- com.dynamicJson.ParameterizationInAddBook -->
