<?xml version="1.0" encoding="UTF-8"?>
<!-- Generated by org.testng.reporters.JUnitReportReporter -->
<testsuite skipped="0" hostname="DESKTOP-044PKM4" name="com.dynamicJson.AddBook" tests="1" failures="0" timestamp="10 Nov 2020 05:51:55 GMT" time="12.117" errors="0">
  <testcase name="addBook" time="12.117" classname="com.dynamicJson.AddBook"/>
</testsuite> <!-- com.dynamicJson.AddBook -->
